<?xml version="1.0" encoding="UTF-8"?>
<testsuite name="com.assignment.test.CouponActivationTest" tests="2" skipped="0" failures="1" errors="0" timestamp="2022-07-28T12:40:27" hostname="LAPTOP-HMFUJK93" time="90.708">
  <properties/>
  <testcase name="Open Coupon Center" classname="com.assignment.test.CouponActivationTest" time="7.648">
    <failure message="org.openqa.selenium.StaleElementReferenceException: The element 'By.clazz: android.widget.TextView' is not linked to the same object in DOM anymore&#10;For documentation on this error, please visit: https://selenium.dev/exceptions/#stale_element_reference&#10;Build info: version: '4.3.0', revision: 'a4995e2c09*'&#10;System info: host: 'LAPTOP-HMFUJK93', ip: '192.168.31.70', os.name: 'Windows 10', os.arch: 'amd64', os.version: '10.0', java.version: '1.8.0_201'&#10;Driver info: io.appium.java_client.AppiumDriver&#10;Command: [a329b9e3-88f5-492e-8007-e2db11c1357e, getElementText {id=00000000-0000-075d-ffff-ffff0000000f}]&#10;Capabilities {appium:appActivity: de.payback.app.deeplinks.St..., appium:appPackage: de.payback.client.android, appium:automationName: UiAutomator2, appium:databaseEnabled: false, appium:desired: {appActivity: de.payback.app.deeplinks.St..., appPackage: de.payback.client.android, automationName: UiAutomator2, deviceName: My Device, fullReset: false, noReset: true, platformName: android, platformVersion: 10.0, skipDeviceInitialization: true}, appium:deviceApiLevel: 29, appium:deviceManufacturer: samsung, appium:deviceModel: SM-A750F, appium:deviceName: 32004d80460d955f, appium:deviceScreenDensity: 420, appium:deviceScreenSize: 1080x2220, appium:deviceUDID: 32004d80460d955f, appium:fullReset: false, appium:javascriptEnabled: true, appium:locationContextEnabled: false, appium:networkConnectionEnabled: true, appium:noReset: true, appium:pixelRatio: 2.625, appium:platformVersion: 10, appium:skipDeviceInitialization: true, appium:statBarHeight: 63, appium:takesScreenshot: true, appium:viewportRect: {height: 2031, left: 0, top: 63, width: 1080}, appium:warnings: {}, appium:webStorageEnabled: false, platformName: ANDROID}&#10;Element: [[AppiumDriver:  on ANDROID (a329b9e3-88f5-492e-8007-e2db11c1357e)] -&gt; class name: android.widget.TextView]&#10;Session ID: a329b9e3-88f5-492e-8007-e2db11c1357e" type="org.openqa.selenium.StaleElementReferenceException">org.openqa.selenium.StaleElementReferenceException: The element 'By.clazz: android.widget.TextView' is not linked to the same object in DOM anymore
For documentation on this error, please visit: https://selenium.dev/exceptions/#stale_element_reference
Build info: version: '4.3.0', revision: 'a4995e2c09*'
System info: host: 'LAPTOP-HMFUJK93', ip: '192.168.31.70', os.name: 'Windows 10', os.arch: 'amd64', os.version: '10.0', java.version: '1.8.0_201'
Driver info: io.appium.java_client.AppiumDriver
Command: [a329b9e3-88f5-492e-8007-e2db11c1357e, getElementText {id=00000000-0000-075d-ffff-ffff0000000f}]
Capabilities {appium:appActivity: de.payback.app.deeplinks.St..., appium:appPackage: de.payback.client.android, appium:automationName: UiAutomator2, appium:databaseEnabled: false, appium:desired: {appActivity: de.payback.app.deeplinks.St..., appPackage: de.payback.client.android, automationName: UiAutomator2, deviceName: My Device, fullReset: false, noReset: true, platformName: android, platformVersion: 10.0, skipDeviceInitialization: true}, appium:deviceApiLevel: 29, appium:deviceManufacturer: samsung, appium:deviceModel: SM-A750F, appium:deviceName: 32004d80460d955f, appium:deviceScreenDensity: 420, appium:deviceScreenSize: 1080x2220, appium:deviceUDID: 32004d80460d955f, appium:fullReset: false, appium:javascriptEnabled: true, appium:locationContextEnabled: false, appium:networkConnectionEnabled: true, appium:noReset: true, appium:pixelRatio: 2.625, appium:platformVersion: 10, appium:skipDeviceInitialization: true, appium:statBarHeight: 63, appium:takesScreenshot: true, appium:viewportRect: {height: 2031, left: 0, top: 63, width: 1080}, appium:warnings: {}, appium:webStorageEnabled: false, platformName: ANDROID}
Element: [[AppiumDriver:  on ANDROID (a329b9e3-88f5-492e-8007-e2db11c1357e)] -&gt; class name: android.widget.TextView]
Session ID: a329b9e3-88f5-492e-8007-e2db11c1357e
	at sun.reflect.NativeConstructorAccessorImpl.newInstance0(Native Method)
	at sun.reflect.NativeConstructorAccessorImpl.newInstance(NativeConstructorAccessorImpl.java:62)
	at sun.reflect.DelegatingConstructorAccessorImpl.newInstance(DelegatingConstructorAccessorImpl.java:45)
	at java.lang.reflect.Constructor.newInstance(Constructor.java:423)
	at org.openqa.selenium.remote.codec.w3c.W3CHttpResponseCodec.createException(W3CHttpResponseCodec.java:200)
	at org.openqa.selenium.remote.codec.w3c.W3CHttpResponseCodec.decode(W3CHttpResponseCodec.java:133)
	at org.openqa.selenium.remote.codec.w3c.W3CHttpResponseCodec.decode(W3CHttpResponseCodec.java:53)
	at org.openqa.selenium.remote.HttpCommandExecutor.execute(HttpCommandExecutor.java:184)
	at io.appium.java_client.remote.AppiumCommandExecutor.execute(AppiumCommandExecutor.java:180)
	at org.openqa.selenium.remote.RemoteWebDriver.execute(RemoteWebDriver.java:569)
	at org.openqa.selenium.remote.RemoteWebElement.execute(RemoteWebElement.java:257)
	at org.openqa.selenium.remote.RemoteWebElement.getText(RemoteWebElement.java:207)
	at sun.reflect.NativeMethodAccessorImpl.invoke0(Native Method)
	at sun.reflect.NativeMethodAccessorImpl.invoke(NativeMethodAccessorImpl.java:62)
	at sun.reflect.DelegatingMethodAccessorImpl.invoke(DelegatingMethodAccessorImpl.java:43)
	at java.lang.reflect.Method.invoke(Method.java:498)
	at io.appium.java_client.pagefactory.ElementInterceptor.getObject(ElementInterceptor.java:40)
	at io.appium.java_client.pagefactory.interceptors.InterceptorOfASingleElement.intercept(InterceptorOfASingleElement.java:60)
	at org.openqa.selenium.remote.RemoteWebElement$$EnhancerByCGLIB$$d27c0df4.getText(&lt;generated&gt;)
	at com.assignment.pom.LandingPage.getCouponCenterTitle(LandingPage.java:28)
	at com.assignment.stepDefinition.StepDefinitions.couponCenterUIIsLoaded(StepDefinitions.java:50)
	at ✽.Coupon center UI is loaded(file:///D:/IntelliJ%20Projects/Android-App-Automation/Feature/ActivateCoupon.feature:5)
</failure>
  </testcase>
  <testcase name="Activate available coupon" classname="com.assignment.test.CouponActivationTest" time="83.06"/>
  <system-out><![CDATA[18:40:27.178 [Test worker] INFO  com.assignment.test.BaseTest - Appium driver started...
18:40:27.212 [Test worker] INFO  com.assignment.stepDefinition.StepDefinitions - Test run started at : 28/07/2022 18:40:27

Scenario: Open Coupon Center             # Feature/ActivateCoupon.feature:3
  When User taps on coupon center button # com.assignment.stepDefinition.StepDefinitions.userTapsOnCouponCenterButton()
  Then Coupon center UI is loaded        # com.assignment.stepDefinition.StepDefinitions.couponCenterUIIsLoaded()
      org.openqa.selenium.StaleElementReferenceException: The element 'By.clazz: android.widget.TextView' is not linked to the same object in DOM anymore
For documentation on this error, please visit: https://selenium.dev/exceptions/#stale_element_reference
Build info: version: '4.3.0', revision: 'a4995e2c09*'
System info: host: 'LAPTOP-HMFUJK93', ip: '192.168.31.70', os.name: 'Windows 10', os.arch: 'amd64', os.version: '10.0', java.version: '1.8.0_201'
Driver info: io.appium.java_client.AppiumDriver
Command: [a329b9e3-88f5-492e-8007-e2db11c1357e, getElementText {id=00000000-0000-075d-ffff-ffff0000000f}]
Capabilities {appium:appActivity: de.payback.app.deeplinks.St..., appium:appPackage: de.payback.client.android, appium:automationName: UiAutomator2, appium:databaseEnabled: false, appium:desired: {appActivity: de.payback.app.deeplinks.St..., appPackage: de.payback.client.android, automationName: UiAutomator2, deviceName: My Device, fullReset: false, noReset: true, platformName: android, platformVersion: 10.0, skipDeviceInitialization: true}, appium:deviceApiLevel: 29, appium:deviceManufacturer: samsung, appium:deviceModel: SM-A750F, appium:deviceName: 32004d80460d955f, appium:deviceScreenDensity: 420, appium:deviceScreenSize: 1080x2220, appium:deviceUDID: 32004d80460d955f, appium:fullReset: false, appium:javascriptEnabled: true, appium:locationContextEnabled: false, appium:networkConnectionEnabled: true, appium:noReset: true, appium:pixelRatio: 2.625, appium:platformVersion: 10, appium:skipDeviceInitialization: true, appium:statBarHeight: 63, appium:takesScreenshot: true, appium:viewportRect: {height: 2031, left: 0, top: 63, width: 1080}, appium:warnings: {}, appium:webStorageEnabled: false, platformName: ANDROID}
Element: [[AppiumDriver:  on ANDROID (a329b9e3-88f5-492e-8007-e2db11c1357e)] -> class name: android.widget.TextView]
Session ID: a329b9e3-88f5-492e-8007-e2db11c1357e
	at sun.reflect.NativeConstructorAccessorImpl.newInstance0(Native Method)
	at sun.reflect.NativeConstructorAccessorImpl.newInstance(NativeConstructorAccessorImpl.java:62)
	at sun.reflect.DelegatingConstructorAccessorImpl.newInstance(DelegatingConstructorAccessorImpl.java:45)
	at java.lang.reflect.Constructor.newInstance(Constructor.java:423)
	at org.openqa.selenium.remote.codec.w3c.W3CHttpResponseCodec.createException(W3CHttpResponseCodec.java:200)
	at org.openqa.selenium.remote.codec.w3c.W3CHttpResponseCodec.decode(W3CHttpResponseCodec.java:133)
	at org.openqa.selenium.remote.codec.w3c.W3CHttpResponseCodec.decode(W3CHttpResponseCodec.java:53)
	at org.openqa.selenium.remote.HttpCommandExecutor.execute(HttpCommandExecutor.java:184)
	at io.appium.java_client.remote.AppiumCommandExecutor.execute(AppiumCommandExecutor.java:180)
	at org.openqa.selenium.remote.RemoteWebDriver.execute(RemoteWebDriver.java:569)
	at org.openqa.selenium.remote.RemoteWebElement.execute(RemoteWebElement.java:257)
	at org.openqa.selenium.remote.RemoteWebElement.getText(RemoteWebElement.java:207)
	at sun.reflect.NativeMethodAccessorImpl.invoke0(Native Method)
	at sun.reflect.NativeMethodAccessorImpl.invoke(NativeMethodAccessorImpl.java:62)
	at sun.reflect.DelegatingMethodAccessorImpl.invoke(DelegatingMethodAccessorImpl.java:43)
	at java.lang.reflect.Method.invoke(Method.java:498)
	at io.appium.java_client.pagefactory.ElementInterceptor.getObject(ElementInterceptor.java:40)
	at io.appium.java_client.pagefactory.interceptors.InterceptorOfASingleElement.intercept(InterceptorOfASingleElement.java:60)
	at org.openqa.selenium.remote.RemoteWebElement$$EnhancerByCGLIB$$d27c0df4.getText(<generated>)
	at com.assignment.pom.LandingPage.getCouponCenterTitle(LandingPage.java:28)
	at com.assignment.stepDefinition.StepDefinitions.couponCenterUIIsLoaded(StepDefinitions.java:50)
	at âœ½.Coupon center UI is loaded(file:///D:/IntelliJ%20Projects/Android-App-Automation/Feature/ActivateCoupon.feature:5)


Scenario: Activate available coupon                                                       # Feature/ActivateCoupon.feature:7
18:40:36.715 [Test worker] INFO  com.assignment.pom.CouponPage - Not activated coupon tab title : Nicht aktiviert (30)
18:40:38.859 [Test worker] INFO  com.assignment.pom.CouponPage - Activated coupon tab title : Aktiviert (16)
18:40:39.354 [Test worker] INFO  com.assignment.stepDefinition.StepDefinitions - Total not activated coupon count : 30
18:40:39.354 [Test worker] INFO  com.assignment.stepDefinition.StepDefinitions - Total activated count : 16
18:40:39.627 [Test worker] INFO  com.assignment.stepDefinition.StepDefinitions - Total coupon services available : 15
18:40:43.174 [Test worker] INFO  com.assignment.stepDefinition.StepDefinitions - Filter UI title : Filter
  Given User has opened coupon filter UI                                                  # com.assignment.stepDefinition.StepDefinitions.userHasOpenedCouponFilterUI()
18:40:43.426 [Test worker] INFO  com.assignment.pom.CouponPage - checking coupon no : 15
18:40:43.606 [Test worker] INFO  com.assignment.pom.CouponPage - total coupon available : 35
18:40:46.260 [Test worker] INFO  com.assignment.pom.CouponPage - available coupon count for activation : 0
18:40:55.333 [Test worker] INFO  com.assignment.pom.CouponPage - checking coupon no : 17
18:40:55.487 [Test worker] INFO  com.assignment.pom.CouponPage - total coupon available : 35
18:41:01.531 [Test worker] INFO  com.assignment.pom.CouponPage - available coupon count for activation : 0
18:41:09.063 [Test worker] INFO  com.assignment.pom.CouponPage - checking coupon no : 19
18:41:09.208 [Test worker] INFO  com.assignment.pom.CouponPage - total coupon available : 35
18:41:15.212 [Test worker] INFO  com.assignment.pom.CouponPage - available coupon count for activation : 0
18:41:24.708 [Test worker] INFO  com.assignment.pom.CouponPage - checking coupon no : 21
18:41:24.866 [Test worker] INFO  com.assignment.pom.CouponPage - total coupon available : 35
18:41:30.808 [Test worker] INFO  com.assignment.pom.CouponPage - available coupon count for activation : 0
18:41:37.206 [Test worker] INFO  com.assignment.pom.CouponPage - checking coupon no : 23
18:41:37.301 [Test worker] INFO  com.assignment.pom.CouponPage - total coupon available : 35
18:41:43.322 [Test worker] INFO  com.assignment.pom.CouponPage - available coupon count for activation : 0
18:41:49.976 [Test worker] INFO  com.assignment.pom.CouponPage - checking coupon no : 25
18:41:50.043 [Test worker] INFO  com.assignment.pom.CouponPage - total coupon available : 35
18:41:52.935 [Test worker] INFO  com.assignment.pom.CouponPage - available coupon count for activation : 1
18:41:54.155 [Test worker] INFO  com.assignment.pom.CouponPage - Not activated coupon tab title : Nicht aktiviert (1)
18:41:54.762 [Test worker] INFO  com.assignment.pom.CouponPage - Activated coupon tab title : Aktiviert (0)
18:41:57.512 [Test worker] INFO  com.assignment.pom.CouponPage - Not activated coupon tab title : Nicht aktiviert (0)
18:41:57.641 [Test worker] INFO  com.assignment.pom.CouponPage - Activated coupon tab title : Aktiviert (1)
  When User checks available coupon that can be activated and taps on the activate button # com.assignment.stepDefinition.StepDefinitions.userChecksAvailableCouponThatCanBeActivatedAndTapsOnTheActivateButton()
18:41:57.948 [Test worker] INFO  com.assignment.stepDefinition.StepDefinitions - Number of coupons moved from non-activated state : 1
18:41:57.948 [Test worker] INFO  com.assignment.stepDefinition.StepDefinitions - Number of coupons moved to activated state : 1
  Then Coupon has been activated                                                          # com.assignment.stepDefinition.StepDefinitions.couponHasBeenActivated()
18:41:58.787 [Test worker] INFO  com.assignment.test.BaseTest - Appium driver stopped...
18:41:58.787 [Test worker] INFO  com.assignment.stepDefinition.StepDefinitions - Test run ended at : 28/07/2022 18:41:58
]]></system-out>
  <system-err><![CDATA[SLF4J: Failed to load class "org.slf4j.impl.StaticLoggerBinder".
SLF4J: Defaulting to no-operation (NOP) logger implementation
SLF4J: See http://www.slf4j.org/codes.html#StaticLoggerBinder for further details.
?????????????????????????????????????????????????????????????????????????????????????
? Share your Cucumber Report with your team at https://reports.cucumber.io          ?
? Activate publishing with one of the following:                                    ?
?                                                                                   ?
? src/test/resources/cucumber.properties:          cucumber.publish.enabled=true    ?
? src/test/resources/junit-platform.properties:    cucumber.publish.enabled=true    ?
? Environment variable:                            CUCUMBER_PUBLISH_ENABLED=true    ?
? JUnit:                                           @CucumberOptions(publish = true) ?
?                                                                                   ?
? More information at https://cucumber.io/docs/cucumber/environment-variables/      ?
?                                                                                   ?
? Disable this message with one of the following:                                   ?
?                                                                                   ?
? src/test/resources/cucumber.properties:          cucumber.publish.quiet=true      ?
? src/test/resources/junit-platform.properties:    cucumber.publish.quiet=true      ?
?????????????????????????????????????????????????????????????????????????????????????
]]></system-err>
</testsuite>
